WARN  (2012-03-02) 17:17.27:786 [deprecation] (Unknown-URI) Unknown-Thread/Deprecation.LoggerWrapper: The session-fw block is deprecated. Please use the provided alternatives instead.
WARN  (2012-03-02) 17:17.49:091 [deprecation] (/multipagos/carteraclaro/create) btpool0-1/Deprecation.LoggerWrapper: The authentication-fw block is deprecated. Please use the auth block instead.
WARN  (2012-03-02) 17:17.49:092 [deprecation] (/multipagos/carteraclaro/create) btpool0-1/Deprecation.LoggerWrapper: The authentication-fw block is deprecated. Please use the auth block instead.
WARN  (2012-03-02) 17:17.49:092 [deprecation] (/multipagos/carteraclaro/create) btpool0-1/Deprecation.LoggerWrapper: The authentication-fw block is deprecated. Please use the auth block instead.
WARN  (2012-03-02) 17:17.49:289 [deprecation] (/multipagos/entrada?resource=%2Fmultipagos%2Fcarteraclaro%2Fcreate) btpool0-1/Deprecation.LoggerWrapper: The authentication-fw block is deprecated. Please use the auth block instead.
WARN  (2012-03-02) 17:17.49:289 [deprecation] (/multipagos/entrada?resource=%2Fmultipagos%2Fcarteraclaro%2Fcreate) btpool0-1/Deprecation.LoggerWrapper: The authentication-fw block is deprecated. Please use the auth block instead.
WARN  (2012-03-02) 17:17.50:858 [deprecation] (/multipagos/resources/jx.js) btpool0-2/Deprecation.LoggerWrapper: The authentication-fw block is deprecated. Please use the auth block instead.
WARN  (2012-03-02) 17:17.50:858 [deprecation] (/multipagos/resources/jx.js) btpool0-2/Deprecation.LoggerWrapper: The authentication-fw block is deprecated. Please use the auth block instead.
WARN  (2012-03-02) 17:17.57:151 [deprecation] (/multipagos/4f37210c8f57274718496547173272273c583670.continue) btpool0-6/Deprecation.LoggerWrapper: The authentication-fw block is deprecated. Please use the auth block instead.
WARN  (2012-03-02) 17:17.57:151 [deprecation] (/multipagos/4f37210c8f57274718496547173272273c583670.continue) btpool0-6/Deprecation.LoggerWrapper: The authentication-fw block is deprecated. Please use the auth block instead.
WARN  (2012-03-02) 17:17.57:155 [deprecation] (/multipagos/4f37210c8f57274718496547173272273c583670.continue) btpool0-6/Deprecation.LoggerWrapper: The authentication-fw block is deprecated. Please use the auth block instead.
WARN  (2012-03-02) 17:17.57:155 [deprecation] (/multipagos/4f37210c8f57274718496547173272273c583670.continue) btpool0-6/Deprecation.LoggerWrapper: The authentication-fw block is deprecated. Please use the auth block instead.
WARN  (2012-03-02) 17:17.58:027 [deprecation] (/multipagos/carteraclaro/create) btpool0-6/Deprecation.LoggerWrapper: The authentication-fw block is deprecated. Please use the auth block instead.
WARN  (2012-03-02) 17:17.58:028 [deprecation] (/multipagos/carteraclaro/create) btpool0-6/Deprecation.LoggerWrapper: The authentication-fw block is deprecated. Please use the auth block instead.
WARN  (2012-03-02) 17:17.58:028 [deprecation] (/multipagos/carteraclaro/create) btpool0-6/Deprecation.LoggerWrapper: The authentication-fw block is deprecated. Please use the auth block instead.
WARN  (2012-03-02) 17:17.58:168 [deprecation] (/multipagos/carteraclaro/create) btpool0-6/Deprecation.LoggerWrapper: The authentication-fw block is deprecated. Please use the auth block instead.
WARN  (2012-03-02) 17:17.58:168 [deprecation] (/multipagos/carteraclaro/create) btpool0-6/Deprecation.LoggerWrapper: The authentication-fw block is deprecated. Please use the auth block instead.
WARN  (2012-03-02) 17:18.05:662 [deprecation] (/multipagos/carteraclaro/683e5b30763b4d041371055c7868468651826b1c.continue) btpool0-1/Deprecation.LoggerWrapper: The authentication-fw block is deprecated. Please use the auth block instead.
WARN  (2012-03-02) 17:18.05:662 [deprecation] (/multipagos/carteraclaro/683e5b30763b4d041371055c7868468651826b1c.continue) btpool0-1/Deprecation.LoggerWrapper: The authentication-fw block is deprecated. Please use the auth block instead.
WARN  (2012-03-02) 17:18.05:662 [deprecation] (/multipagos/carteraclaro/683e5b30763b4d041371055c7868468651826b1c.continue) btpool0-1/Deprecation.LoggerWrapper: The authentication-fw block is deprecated. Please use the auth block instead.
WARN  (2012-03-02) 17:18.05:802 [deprecation] (/multipagos/carteraclaro/683e5b30763b4d041371055c7868468651826b1c.continue) btpool0-1/Deprecation.LoggerWrapper: The authentication-fw block is deprecated. Please use the auth block instead.
WARN  (2012-03-02) 17:18.05:802 [deprecation] (/multipagos/carteraclaro/683e5b30763b4d041371055c7868468651826b1c.continue) btpool0-1/Deprecation.LoggerWrapper: The authentication-fw block is deprecated. Please use the auth block instead.
WARN  (2012-03-02) 17:18.05:802 [deprecation] (/multipagos/carteraclaro/683e5b30763b4d041371055c7868468651826b1c.continue) btpool0-1/Deprecation.LoggerWrapper: The authentication-fw block is deprecated. Please use the auth block instead.
WARN  (2012-03-02) 17:18.08:939 [deprecation] (/multipagos/carteraclaro/683e5b30763b4d041371055c7868468651826b1c.continue) btpool0-1/Deprecation.LoggerWrapper: The authentication-fw block is deprecated. Please use the auth block instead.
WARN  (2012-03-02) 17:18.08:940 [deprecation] (/multipagos/carteraclaro/683e5b30763b4d041371055c7868468651826b1c.continue) btpool0-1/Deprecation.LoggerWrapper: The authentication-fw block is deprecated. Please use the auth block instead.
WARN  (2012-03-02) 17:18.29:270 [deprecation] (/multipagos/carteraclaro/create) btpool0-1/Deprecation.LoggerWrapper: The authentication-fw block is deprecated. Please use the auth block instead.
WARN  (2012-03-02) 17:18.29:270 [deprecation] (/multipagos/carteraclaro/create) btpool0-1/Deprecation.LoggerWrapper: The authentication-fw block is deprecated. Please use the auth block instead.
WARN  (2012-03-02) 17:18.29:271 [deprecation] (/multipagos/carteraclaro/create) btpool0-1/Deprecation.LoggerWrapper: The authentication-fw block is deprecated. Please use the auth block instead.
WARN  (2012-03-02) 17:18.29:323 [deprecation] (/multipagos/carteraclaro/create) btpool0-1/Deprecation.LoggerWrapper: The authentication-fw block is deprecated. Please use the auth block instead.
WARN  (2012-03-02) 17:18.29:323 [deprecation] (/multipagos/carteraclaro/create) btpool0-1/Deprecation.LoggerWrapper: The authentication-fw block is deprecated. Please use the auth block instead.
WARN  (2012-03-02) 17:18.35:090 [deprecation] (/multipagos/carteraclaro/3e862d697c500b4a158713022d52252362195c6d.continue) btpool0-7/Deprecation.LoggerWrapper: The authentication-fw block is deprecated. Please use the auth block instead.
WARN  (2012-03-02) 17:18.35:090 [deprecation] (/multipagos/carteraclaro/3e862d697c500b4a158713022d52252362195c6d.continue) btpool0-7/Deprecation.LoggerWrapper: The authentication-fw block is deprecated. Please use the auth block instead.
WARN  (2012-03-02) 17:18.35:090 [deprecation] (/multipagos/carteraclaro/3e862d697c500b4a158713022d52252362195c6d.continue) btpool0-7/Deprecation.LoggerWrapper: The authentication-fw block is deprecated. Please use the auth block instead.
WARN  (2012-03-02) 17:18.35:294 [deprecation] (/multipagos/carteraclaro/3e862d697c500b4a158713022d52252362195c6d.continue) btpool0-7/Deprecation.LoggerWrapper: The authentication-fw block is deprecated. Please use the auth block instead.
WARN  (2012-03-02) 17:18.35:295 [deprecation] (/multipagos/carteraclaro/3e862d697c500b4a158713022d52252362195c6d.continue) btpool0-7/Deprecation.LoggerWrapper: The authentication-fw block is deprecated. Please use the auth block instead.
WARN  (2012-03-02) 17:18.35:295 [deprecation] (/multipagos/carteraclaro/3e862d697c500b4a158713022d52252362195c6d.continue) btpool0-7/Deprecation.LoggerWrapper: The authentication-fw block is deprecated. Please use the auth block instead.
WARN  (2012-03-02) 17:18.38:045 [deprecation] (/multipagos/carteraclaro/3e862d697c500b4a158713022d52252362195c6d.continue) btpool0-7/Deprecation.LoggerWrapper: The authentication-fw block is deprecated. Please use the auth block instead.
WARN  (2012-03-02) 17:18.38:046 [deprecation] (/multipagos/carteraclaro/3e862d697c500b4a158713022d52252362195c6d.continue) btpool0-7/Deprecation.LoggerWrapper: The authentication-fw block is deprecated. Please use the auth block instead.
WARN  (2012-03-02) 17:19.37:347 [deprecation] (/multipagos/carteraclaro/create) btpool0-1/Deprecation.LoggerWrapper: The authentication-fw block is deprecated. Please use the auth block instead.
WARN  (2012-03-02) 17:19.37:347 [deprecation] (/multipagos/carteraclaro/create) btpool0-1/Deprecation.LoggerWrapper: The authentication-fw block is deprecated. Please use the auth block instead.
WARN  (2012-03-02) 17:19.37:347 [deprecation] (/multipagos/carteraclaro/create) btpool0-1/Deprecation.LoggerWrapper: The authentication-fw block is deprecated. Please use the auth block instead.
WARN  (2012-03-02) 17:19.37:401 [deprecation] (/multipagos/carteraclaro/create) btpool0-1/Deprecation.LoggerWrapper: The authentication-fw block is deprecated. Please use the auth block instead.
WARN  (2012-03-02) 17:19.37:402 [deprecation] (/multipagos/carteraclaro/create) btpool0-1/Deprecation.LoggerWrapper: The authentication-fw block is deprecated. Please use the auth block instead.
WARN  (2012-03-02) 17:19.46:855 [deprecation] (/multipagos/carteraclaro/7171237f7551743675333b4053503311731d6708.continue) btpool0-7/Deprecation.LoggerWrapper: The authentication-fw block is deprecated. Please use the auth block instead.
WARN  (2012-03-02) 17:19.46:855 [deprecation] (/multipagos/carteraclaro/7171237f7551743675333b4053503311731d6708.continue) btpool0-7/Deprecation.LoggerWrapper: The authentication-fw block is deprecated. Please use the auth block instead.
WARN  (2012-03-02) 17:19.46:855 [deprecation] (/multipagos/carteraclaro/7171237f7551743675333b4053503311731d6708.continue) btpool0-7/Deprecation.LoggerWrapper: The authentication-fw block is deprecated. Please use the auth block instead.
WARN  (2012-03-02) 17:19.46:942 [deprecation] (/multipagos/carteraclaro/7171237f7551743675333b4053503311731d6708.continue) btpool0-7/Deprecation.LoggerWrapper: The authentication-fw block is deprecated. Please use the auth block instead.
WARN  (2012-03-02) 17:19.46:942 [deprecation] (/multipagos/carteraclaro/7171237f7551743675333b4053503311731d6708.continue) btpool0-7/Deprecation.LoggerWrapper: The authentication-fw block is deprecated. Please use the auth block instead.
WARN  (2012-03-02) 17:19.46:942 [deprecation] (/multipagos/carteraclaro/7171237f7551743675333b4053503311731d6708.continue) btpool0-7/Deprecation.LoggerWrapper: The authentication-fw block is deprecated. Please use the auth block instead.
WARN  (2012-03-02) 17:19.49:584 [deprecation] (/multipagos/carteraclaro/7171237f7551743675333b4053503311731d6708.continue) btpool0-7/Deprecation.LoggerWrapper: The authentication-fw block is deprecated. Please use the auth block instead.
WARN  (2012-03-02) 17:19.49:584 [deprecation] (/multipagos/carteraclaro/7171237f7551743675333b4053503311731d6708.continue) btpool0-7/Deprecation.LoggerWrapper: The authentication-fw block is deprecated. Please use the auth block instead.
WARN  (2012-03-02) 17:21.34:429 [deprecation] (/multipagos/carteraclaro/create) btpool0-7/Deprecation.LoggerWrapper: The authentication-fw block is deprecated. Please use the auth block instead.
WARN  (2012-03-02) 17:21.34:429 [deprecation] (/multipagos/carteraclaro/create) btpool0-7/Deprecation.LoggerWrapper: The authentication-fw block is deprecated. Please use the auth block instead.
WARN  (2012-03-02) 17:21.34:429 [deprecation] (/multipagos/carteraclaro/create) btpool0-7/Deprecation.LoggerWrapper: The authentication-fw block is deprecated. Please use the auth block instead.
WARN  (2012-03-02) 17:21.34:484 [deprecation] (/multipagos/carteraclaro/create) btpool0-7/Deprecation.LoggerWrapper: The authentication-fw block is deprecated. Please use the auth block instead.
WARN  (2012-03-02) 17:21.34:484 [deprecation] (/multipagos/carteraclaro/create) btpool0-7/Deprecation.LoggerWrapper: The authentication-fw block is deprecated. Please use the auth block instead.
WARN  (2012-03-02) 17:21.40:432 [deprecation] (/multipagos/carteraclaro/7a76737d1526104f15456763665e1a504b72214e.continue) btpool0-7/Deprecation.LoggerWrapper: The authentication-fw block is deprecated. Please use the auth block instead.
WARN  (2012-03-02) 17:21.40:432 [deprecation] (/multipagos/carteraclaro/7a76737d1526104f15456763665e1a504b72214e.continue) btpool0-7/Deprecation.LoggerWrapper: The authentication-fw block is deprecated. Please use the auth block instead.
WARN  (2012-03-02) 17:21.40:432 [deprecation] (/multipagos/carteraclaro/7a76737d1526104f15456763665e1a504b72214e.continue) btpool0-7/Deprecation.LoggerWrapper: The authentication-fw block is deprecated. Please use the auth block instead.
WARN  (2012-03-02) 17:21.40:534 [deprecation] (/multipagos/carteraclaro/7a76737d1526104f15456763665e1a504b72214e.continue) btpool0-7/Deprecation.LoggerWrapper: The authentication-fw block is deprecated. Please use the auth block instead.
WARN  (2012-03-02) 17:21.40:534 [deprecation] (/multipagos/carteraclaro/7a76737d1526104f15456763665e1a504b72214e.continue) btpool0-7/Deprecation.LoggerWrapper: The authentication-fw block is deprecated. Please use the auth block instead.
WARN  (2012-03-02) 17:21.40:534 [deprecation] (/multipagos/carteraclaro/7a76737d1526104f15456763665e1a504b72214e.continue) btpool0-7/Deprecation.LoggerWrapper: The authentication-fw block is deprecated. Please use the auth block instead.
WARN  (2012-03-02) 17:21.44:678 [deprecation] (/multipagos/carteraclaro/7a76737d1526104f15456763665e1a504b72214e.continue) btpool0-7/Deprecation.LoggerWrapper: The authentication-fw block is deprecated. Please use the auth block instead.
WARN  (2012-03-02) 17:21.44:679 [deprecation] (/multipagos/carteraclaro/7a76737d1526104f15456763665e1a504b72214e.continue) btpool0-7/Deprecation.LoggerWrapper: The authentication-fw block is deprecated. Please use the auth block instead.
