INFO  (2012-05-23) 23:56.16:898 [access] (Unknown-URI) Unknown-Thread/CocoonServlet: Reloading from: file:/home/rmarquez/workspace/oficina/webapp/src/main/webapp/WEB-INF/cocoon.xconf
INFO  (2012-05-23) 23:56.17:220 [core.runnable] (Unknown-URI) Unknown-Thread/DefaultRunnableManager: ThreadPool named "default" created with maximum queue-size=2147483647,max-pool-size=5,min-pool-size=5,priority=5,isDaemon=false,keep-alive-time-ms=60000,block-policy="ABORT",shutdown-wait-time-ms=-1
INFO  (2012-05-23) 23:56.17:222 [core.runnable] (Unknown-URI) Unknown-Thread/DefaultRunnableManager: ThreadPool named "daemon" created with no queue,max-pool-size=2147483647,min-pool-size=1,priority=5,isDaemon=true,keep-alive-time-ms=60000,block-policy=ABORT,shutdown-wait-time-ms=-1
INFO  (2012-05-23) 23:56.21:518 [core.store] (Unknown-URI) Unknown-Thread/EHDefaultStore: EHCache cache "cocoon-ehcache-1" initialized
INFO  (2012-05-23) 23:56.21:542 [core.runnable] (Unknown-URI) Unknown-Thread/DefaultRunnableManager: ThreadPool named "anon-32715295" created with maximum queue-size=2147483647,max-pool-size=2147483647,min-pool-size=1,priority=5,isDaemon=false,keep-alive-time-ms=60000,block-policy="RUN",shutdown-wait-time-ms=5000
INFO  (2012-05-23) 23:56.21:609 [cron] (Unknown-URI) Unknown-Thread/QuartzJobScheduler: Adding CronJob 'Cocoon.scheduled-email-ofertas'
INFO  (2012-05-23) 23:57.13:651 [sitemap] (/multipagos/) btpool0-1/RedirectToURINode: Redirecting to 'bienvenidos' at <map:redirect-to> - file:///home/rmarquez/workspace/oficina/webapp/src/main/webapp/sitemap.xmap:288:64
INFO  (2012-05-23) 23:57.13:652 [sitemap] (/multipagos/) btpool0-1/ForwardRedirector: Redirecting to 'bienvenidos'
INFO  (2012-05-23) 23:57.13:663 [access] (/multipagos/) btpool0-1/CocoonServlet: '' Processed by Apache Cocoon 2.1.12-dev in 333 milliseconds.
INFO  (2012-05-23) 23:57.13:997 [sitemap] (/multipagos/bienvenidos) btpool0-1/ForwardRedirector: Redirecting to '/multipagos/entrada?resource=%2Fmultipagos%2Fbienvenidos'
INFO  (2012-05-23) 23:57.14:000 [access] (/multipagos/bienvenidos) btpool0-1/CocoonServlet: 'bienvenidos' Processed by Apache Cocoon 2.1.12-dev in 331 milliseconds.
INFO  (2012-05-23) 23:57.14:122 [sitemap] (/multipagos/entrada?resource=%2Fmultipagos%2Fbienvenidos) btpool0-1/ForwardRedirector: Redirecting to 'cocoon:/entrada-form'
INFO  (2012-05-23) 23:57.14:341 [sitemap] (/multipagos/entrada?resource=%2Fmultipagos%2Fbienvenidos) btpool0-1/ForwardRedirector: Redirecting to 'cocoon:/entrada-vista'
INFO  (2012-05-23) 23:57.15:650 [access] (/multipagos/entrada?resource=%2Fmultipagos%2Fbienvenidos) btpool0-1/CocoonServlet: 'entrada' Processed by Apache Cocoon 2.1.12-dev in 1.644 seconds.
INFO  (2012-05-23) 23:57.15:694 [access] (/multipagos/resources/dojo/dojo.js) btpool0-1/CocoonServlet: 'resources/dojo/dojo.js' Processed by Apache Cocoon 2.1.12-dev in 14 milliseconds.
INFO  (2012-05-23) 23:57.15:704 [access] (/multipagos/resources/forms/js/forms-lib.js) btpool0-2/CocoonServlet: 'resources/forms/js/forms-lib.js' Processed by Apache Cocoon 2.1.12-dev in 19 milliseconds.
INFO  (2012-05-23) 23:57.15:705 [access] (/multipagos/resources/forms/htmlarea/htmlarea.js) btpool0-2/CocoonServlet: 'resources/forms/htmlarea/htmlarea.js' Processed by Apache Cocoon 2.1.12-dev in 1 milliseconds.
INFO  (2012-05-23) 23:57.15:707 [access] (/multipagos/scripts/util.js) btpool0-2/CocoonServlet: 'scripts/util.js' Processed by Apache Cocoon 2.1.12-dev in 1 milliseconds.
INFO  (2012-05-23) 23:57.15:709 [access] (/multipagos/styles/multipagos.css) btpool0-2/CocoonServlet: 'styles/multipagos.css' Processed by Apache Cocoon 2.1.12-dev in 0 milliseconds.
INFO  (2012-05-23) 23:57.15:711 [access] (/multipagos/resources/forms/mattkruse-lib/PopupWindow.js) btpool0-5/CocoonServlet: 'resources/forms/mattkruse-lib/PopupWindow.js' Processed by Apache Cocoon 2.1.12-dev in 23 milliseconds.
INFO  (2012-05-23) 23:57.15:714 [access] (/multipagos/resources/forms/mattkruse-lib/selectbox.js) btpool0-1/CocoonServlet: 'resources/forms/mattkruse-lib/selectbox.js' Processed by Apache Cocoon 2.1.12-dev in 19 milliseconds.
INFO  (2012-05-23) 23:57.15:715 [access] (/multipagos/resources/forms/mattkruse-lib/OptionTransfer.js) btpool0-6/CocoonServlet: 'resources/forms/mattkruse-lib/OptionTransfer.js' Processed by Apache Cocoon 2.1.12-dev in 6 milliseconds.
INFO  (2012-05-23) 23:57.15:715 [access] (/multipagos/resources/forms/css/forms.css) btpool0-3/CocoonServlet: 'resources/forms/css/forms.css' Processed by Apache Cocoon 2.1.12-dev in 28 milliseconds.
INFO  (2012-05-23) 23:57.15:715 [access] (/multipagos/resources/forms/mattkruse-lib/AnchorPosition.js) btpool0-4/CocoonServlet: 'resources/forms/mattkruse-lib/AnchorPosition.js' Processed by Apache Cocoon 2.1.12-dev in 26 milliseconds.
INFO  (2012-05-23) 23:57.15:760 [access] (/multipagos/resources/forms/js/common.js) btpool0-4/CocoonServlet: 'resources/forms/js/common.js' Processed by Apache Cocoon 2.1.12-dev in 2 milliseconds.
WARN  (2012-05-23) 23:57.15:824 [access] (/multipagos/images/banner_parte2.jpg) btpool0-4/CocoonServlet: Error during resolving of the input stream
	at <map:read> - file:///home/rmarquez/workspace/oficina/webapp/src/main/webapp/sitemap.xmap:421:65
INFO  (2012-05-23) 23:57.15:870 [access] (/multipagos/resources/dojo/src/widget/templates/images/tab_close.gif) btpool0-3/CocoonServlet: 'resources/dojo/src/widget/templates/images/tab_close.gif' Processed by Apache Cocoon 2.1.12-dev in 2 milliseconds.
WARN  (2012-05-23) 23:57.15:870 [access] (/multipagos/resources/jx/manifest.js) btpool0-4/CocoonServlet: Error during resolving of the input stream
	at <map:read> - file:///home/rmarquez/workspace/oficina/webapp/src/main/webapp/sitemap.xmap:404:79
ERROR (2012-05-23) 23:57.15:881 [sitemap.handled-errors] (/multipagos/resources/jx.js) btpool0-4/ErrorHandlerHelper: Resource not found.
	at <map:mount> - file:///home/rmarquez/workspace/oficina/webapp/src/main/webapp/sitemap.xmap:446:77
INFO  (2012-05-23) 23:57.15:883 [sitemap] (/multipagos/resources/jx.js) btpool0-4/HandleErrorsNode: Processing handle-errors at <map:handle-errors> - file:///home/rmarquez/workspace/oficina/webapp/src/main/webapp/sitemap.xmap:450:28
INFO  (2012-05-23) 23:57.15:927 [core.i18n] (/multipagos/resources/jx.js) btpool0-4/XMLResourceBundle: Bundle <file:///home/rmarquez/workspace/oficina/webapp/src/main/webapp/translations/mensajes_en.xml> not loaded: Source URI not found
INFO  (2012-05-23) 23:57.15:929 [core.i18n] (/multipagos/resources/jx.js) btpool0-4/XMLResourceBundle: Bundle <file:///home/rmarquez/workspace/oficina/webapp/src/main/webapp/translations/mensajes_en_US.xml> not loaded: Source URI not found
ERROR (2012-05-23) 23:57.15:981 [sitemap.transformer.xinclude] (/multipagos/resources/jx.js) btpool0-4/XIncludeTransformer.XIncludePipe: Error in processXIncludeElement
org.mozilla.javascript.EvaluatorException: "file:///home/rmarquez/workspace/oficina/webapp/src/main/webapp/resources/flow/flow.js", line 14: Cannot convert NaN to java.lang.Integer
	at org.apache.cocoon.components.flow.javascript.JSErrorReporter.runtimeError(JSErrorReporter.java:67)
	at org.mozilla.javascript.Context.reportRuntimeError(Context.java:588)
	at org.mozilla.javascript.Context.reportRuntimeError(Context.java:627)
	at org.mozilla.javascript.Context.reportRuntimeError2(Context.java:609)
	at org.mozilla.javascript.NativeJavaObject.reportConversionError(NativeJavaObject.java:921)
	at org.mozilla.javascript.NativeJavaObject.toInteger(NativeJavaObject.java:895)
	at org.mozilla.javascript.NativeJavaObject.coerceToNumber(NativeJavaObject.java:784)
	at org.mozilla.javascript.NativeJavaObject.coerceType(NativeJavaObject.java:569)
	at org.mozilla.javascript.NativeJavaClass.constructSpecific(NativeJavaClass.java:254)
	at org.mozilla.javascript.NativeJavaClass.construct(NativeJavaClass.java:215)
	at org.mozilla.javascript.ScriptRuntime.newObject(ScriptRuntime.java:1318)
	at org.mozilla.javascript.continuations.ContinuationInterpreter.interpret(ContinuationInterpreter.java:1201)
	at org.mozilla.javascript.continuations.ContinuationInterpreter.interpret(ContinuationInterpreter.java:190)
	at org.mozilla.javascript.continuations.ContinuationInterpreter.interpret(ContinuationInterpreter.java:138)
	at org.mozilla.javascript.continuations.InterpretedFunctionImpl.call(InterpretedFunctionImpl.java:121)
	at org.mozilla.javascript.ScriptRuntime.call(ScriptRuntime.java:1244)
	at org.apache.cocoon.components.flow.javascript.fom.FOM_JavaScriptInterpreter.callFunction(FOM_JavaScriptInterpreter.java:764)
	at org.apache.cocoon.components.treeprocessor.sitemap.CallFunctionNode.invoke(CallFunctionNode.java:139)
	at org.apache.cocoon.components.treeprocessor.AbstractParentProcessingNode.invokeNodes(AbstractParentProcessingNode.java:47)
	at org.apache.cocoon.components.treeprocessor.sitemap.MatchNode.invoke(MatchNode.java:108)
	at org.apache.cocoon.components.treeprocessor.AbstractParentProcessingNode.invokeNodes(AbstractParentProcessingNode.java:69)
	at org.apache.cocoon.components.treeprocessor.sitemap.PipelineNode.invoke(PipelineNode.java:143)
	at org.apache.cocoon.components.treeprocessor.AbstractParentProcessingNode.invokeNodes(AbstractParentProcessingNode.java:69)
	at org.apache.cocoon.components.treeprocessor.sitemap.PipelinesNode.invoke(PipelinesNode.java:93)
	at org.apache.cocoon.components.treeprocessor.ConcreteTreeProcessor.process(ConcreteTreeProcessor.java:235)
	at org.apache.cocoon.components.treeprocessor.ConcreteTreeProcessor.buildPipeline(ConcreteTreeProcessor.java:193)
	at org.apache.cocoon.components.treeprocessor.TreeProcessor.buildPipeline(TreeProcessor.java:267)
	at org.apache.cocoon.components.source.impl.SitemapSource.init(SitemapSource.java:333)
	at org.apache.cocoon.components.source.impl.SitemapSource.<init>(SitemapSource.java:215)
	at org.apache.cocoon.components.source.impl.SitemapSourceFactory.getSource(SitemapSourceFactory.java:65)
	at sun.reflect.GeneratedMethodAccessor11.invoke(Unknown Source)
	at sun.reflect.DelegatingMethodAccessorImpl.invoke(DelegatingMethodAccessorImpl.java:43)
	at java.lang.reflect.Method.invoke(Method.java:601)
	at org.apache.avalon.excalibur.component.ComponentProxyGenerator$ComponentInvocationHandler.invoke(ComponentProxyGenerator.java:143)
	at $Proxy3.getSource(Unknown Source)
	at org.apache.excalibur.source.impl.AbstractSourceResolver.resolveURI(AbstractSourceResolver.java:146)
	at sun.reflect.GeneratedMethodAccessor10.invoke(Unknown Source)
	at sun.reflect.DelegatingMethodAccessorImpl.invoke(DelegatingMethodAccessorImpl.java:43)
	at java.lang.reflect.Method.invoke(Method.java:601)
	at org.apache.avalon.excalibur.component.ComponentProxyGenerator$ComponentInvocationHandler.invoke(ComponentProxyGenerator.java:143)
	at $Proxy9.resolveURI(Unknown Source)
	at org.apache.cocoon.components.CocoonComponentManager.resolveURI(CocoonComponentManager.java:558)
	at org.apache.cocoon.environment.AbstractEnvironment.resolveURI(AbstractEnvironment.java:555)
	at org.apache.cocoon.environment.AbstractEnvironment.resolveURI(AbstractEnvironment.java:542)
	at org.apache.cocoon.xml.XMLBaseSupport.resolve(XMLBaseSupport.java:99)
	at org.apache.cocoon.xml.XMLBaseSupport.makeAbsolute(XMLBaseSupport.java:117)
	at org.apache.cocoon.transformation.XIncludeTransformer$XIncludePipe.processXIncludeElement(XIncludeTransformer.java:417)
	at org.apache.cocoon.transformation.XIncludeTransformer$XIncludePipe.startElement(XIncludeTransformer.java:241)
	at org.apache.cocoon.xml.AbstractXMLPipe.startElement(AbstractXMLPipe.java:95)
	at org.apache.xml.serializer.ToXMLSAXHandler.closeStartTag(ToXMLSAXHandler.java:206)
	at org.apache.xml.serializer.ToSAXHandler.flushPending(ToSAXHandler.java:279)
	at org.apache.xml.serializer.ToXMLSAXHandler.endElement(ToXMLSAXHandler.java:245)
	at org.apache.xml.serializer.ToXMLSAXHandler.endElement(ToXMLSAXHandler.java:555)
	at multipagos.template$dot$2()
	at multipagos.applyTemplates()
	at multipagos.applyTemplates()
	at multipagos.transform()
	at org.apache.xalan.xsltc.runtime.AbstractTranslet.transform(AbstractTranslet.java:605)
	at org.apache.xalan.xsltc.trax.TransformerImpl.transform(TransformerImpl.java:632)
	at org.apache.xalan.xsltc.trax.TransformerImpl.transform(TransformerImpl.java:303)
	at org.apache.xalan.xsltc.trax.TransformerHandlerImpl.endDocument(TransformerHandlerImpl.java:240)
	at org.apache.cocoon.xml.AbstractXMLPipe.endDocument(AbstractXMLPipe.java:56)
	at org.apache.cocoon.transformation.TraxTransformer.endDocument(TraxTransformer.java:586)
	at org.apache.cocoon.xml.AbstractXMLPipe.endDocument(AbstractXMLPipe.java:56)
	at org.apache.xml.serializer.ToXMLSAXHandler.endDocument(ToXMLSAXHandler.java:183)
	at error2document.transform()
	at org.apache.xalan.xsltc.runtime.AbstractTranslet.transform(AbstractTranslet.java:605)
	at org.apache.xalan.xsltc.trax.TransformerImpl.transform(TransformerImpl.java:632)
	at org.apache.xalan.xsltc.trax.TransformerImpl.transform(TransformerImpl.java:303)
	at org.apache.xalan.xsltc.trax.TransformerHandlerImpl.endDocument(TransformerHandlerImpl.java:240)
	at org.apache.cocoon.xml.AbstractXMLPipe.endDocument(AbstractXMLPipe.java:56)
	at org.apache.cocoon.transformation.TraxTransformer.endDocument(TraxTransformer.java:586)
	at org.apache.cocoon.components.notification.Notifier.notify(Notifier.java:158)
	at org.apache.cocoon.sitemap.NotifyingGenerator.generate(NotifyingGenerator.java:65)
	at org.apache.cocoon.components.pipeline.AbstractProcessingPipeline.processXMLPipeline(AbstractProcessingPipeline.java:581)
	at org.apache.cocoon.components.pipeline.AbstractProcessingPipeline.process(AbstractProcessingPipeline.java:483)
	at org.apache.cocoon.components.treeprocessor.sitemap.SerializeNode.invoke(SerializeNode.java:144)
	at org.apache.cocoon.components.treeprocessor.AbstractParentProcessingNode.invokeNodes(AbstractParentProcessingNode.java:69)
	at org.apache.cocoon.components.treeprocessor.sitemap.SwitchSelectNode.invoke(SwitchSelectNode.java:99)
	at org.apache.cocoon.components.treeprocessor.AbstractParentProcessingNode.invokeNodes(AbstractParentProcessingNode.java:69)
	at org.apache.cocoon.components.treeprocessor.sitemap.HandleErrorsNode.invoke(HandleErrorsNode.java:90)
	at org.apache.cocoon.components.treeprocessor.sitemap.ErrorHandlerHelper.prepareErrorHandler(ErrorHandlerHelper.java:182)
	at org.apache.cocoon.components.treeprocessor.sitemap.ErrorHandlerHelper.prepareErrorHandler(ErrorHandlerHelper.java:135)
	at org.apache.cocoon.components.treeprocessor.sitemap.ErrorHandlerHelper.invokeErrorHandler(ErrorHandlerHelper.java:108)
	at org.apache.cocoon.components.treeprocessor.sitemap.PipelineNode.invoke(PipelineNode.java:157)
	at org.apache.cocoon.components.treeprocessor.AbstractParentProcessingNode.invokeNodes(AbstractParentProcessingNode.java:69)
	at org.apache.cocoon.components.treeprocessor.sitemap.PipelinesNode.invoke(PipelinesNode.java:93)
	at org.apache.cocoon.components.treeprocessor.ConcreteTreeProcessor.process(ConcreteTreeProcessor.java:235)
	at org.apache.cocoon.components.treeprocessor.ConcreteTreeProcessor.process(ConcreteTreeProcessor.java:177)
	at org.apache.cocoon.components.treeprocessor.TreeProcessor.process(TreeProcessor.java:254)
	at org.apache.cocoon.Cocoon.process(Cocoon.java:699)
	at org.apache.cocoon.servlet.CocoonServlet.service(CocoonServlet.java:1154)
	at javax.servlet.http.HttpServlet.service(HttpServlet.java:820)
	at org.mortbay.jetty.servlet.ServletHolder.handle(ServletHolder.java:487)
	at org.mortbay.jetty.servlet.ServletHandler.handle(ServletHandler.java:362)
	at org.mortbay.jetty.security.SecurityHandler.handle(SecurityHandler.java:216)
	at org.mortbay.jetty.servlet.SessionHandler.handle(SessionHandler.java:181)
	at org.mortbay.jetty.handler.ContextHandler.handle(ContextHandler.java:726)
	at org.mortbay.jetty.webapp.WebAppContext.handle(WebAppContext.java:405)
	at org.mortbay.jetty.handler.ContextHandlerCollection.handle(ContextHandlerCollection.java:206)
	at org.mortbay.jetty.handler.HandlerCollection.handle(HandlerCollection.java:114)
	at org.mortbay.jetty.handler.HandlerWrapper.handle(HandlerWrapper.java:152)
	at org.mortbay.jetty.Server.handle(Server.java:324)
	at org.mortbay.jetty.HttpConnection.handleRequest(HttpConnection.java:505)
	at org.mortbay.jetty.HttpConnection$RequestHandler.headerComplete(HttpConnection.java:828)
	at org.mortbay.jetty.HttpParser.parseNext(HttpParser.java:514)
	at org.mortbay.jetty.HttpParser.parseAvailable(HttpParser.java:211)
	at org.mortbay.jetty.HttpConnection.handle(HttpConnection.java:380)
	at org.mortbay.io.nio.SelectChannelEndPoint.run(SelectChannelEndPoint.java:395)
	at org.mortbay.thread.BoundedThreadPool$PoolThread.run(BoundedThreadPool.java:450)
ERROR (2012-05-23) 23:57.15:986 [sitemap] (/multipagos/resources/jx.js) btpool0-4/ErrorHandlerHelper: An exception occured while handling errors at <map:handle-errors> - file:///home/rmarquez/workspace/oficina/webapp/src/main/webapp/sitemap.xmap:450:28
javax.xml.transform.TransformerException: javax.xml.transform.TransformerException: Sitemap: error calling function 'display_menu'
	at <map:call> - file:///home/rmarquez/workspace/oficina/webapp/src/main/webapp/sitemap.xmap:234:45
	at org.apache.xalan.xsltc.trax.TransformerImpl.postErrorToListener(TransformerImpl.java:695)
	at org.apache.xalan.xsltc.trax.TransformerImpl.transform(TransformerImpl.java:638)
	at org.apache.xalan.xsltc.trax.TransformerImpl.transform(TransformerImpl.java:303)
	at org.apache.xalan.xsltc.trax.TransformerHandlerImpl.endDocument(TransformerHandlerImpl.java:240)
	at org.apache.cocoon.xml.AbstractXMLPipe.endDocument(AbstractXMLPipe.java:56)
	at org.apache.cocoon.transformation.TraxTransformer.endDocument(TraxTransformer.java:586)
	at org.apache.cocoon.components.notification.Notifier.notify(Notifier.java:158)
	at org.apache.cocoon.sitemap.NotifyingGenerator.generate(NotifyingGenerator.java:65)
	at org.apache.cocoon.components.pipeline.AbstractProcessingPipeline.processXMLPipeline(AbstractProcessingPipeline.java:581)
	at org.apache.cocoon.components.pipeline.AbstractProcessingPipeline.process(AbstractProcessingPipeline.java:483)
	at org.apache.cocoon.components.treeprocessor.sitemap.SerializeNode.invoke(SerializeNode.java:144)
	at org.apache.cocoon.components.treeprocessor.AbstractParentProcessingNode.invokeNodes(AbstractParentProcessingNode.java:69)
	at org.apache.cocoon.components.treeprocessor.sitemap.SwitchSelectNode.invoke(SwitchSelectNode.java:99)
	at org.apache.cocoon.components.treeprocessor.AbstractParentProcessingNode.invokeNodes(AbstractParentProcessingNode.java:69)
	at org.apache.cocoon.components.treeprocessor.sitemap.HandleErrorsNode.invoke(HandleErrorsNode.java:90)
	at org.apache.cocoon.components.treeprocessor.sitemap.ErrorHandlerHelper.prepareErrorHandler(ErrorHandlerHelper.java:182)
	at org.apache.cocoon.components.treeprocessor.sitemap.ErrorHandlerHelper.prepareErrorHandler(ErrorHandlerHelper.java:135)
	at org.apache.cocoon.components.treeprocessor.sitemap.ErrorHandlerHelper.invokeErrorHandler(ErrorHandlerHelper.java:108)
	at org.apache.cocoon.components.treeprocessor.sitemap.PipelineNode.invoke(PipelineNode.java:157)
	at org.apache.cocoon.components.treeprocessor.AbstractParentProcessingNode.invokeNodes(AbstractParentProcessingNode.java:69)
	at org.apache.cocoon.components.treeprocessor.sitemap.PipelinesNode.invoke(PipelinesNode.java:93)
	at org.apache.cocoon.components.treeprocessor.ConcreteTreeProcessor.process(ConcreteTreeProcessor.java:235)
	at org.apache.cocoon.components.treeprocessor.ConcreteTreeProcessor.process(ConcreteTreeProcessor.java:177)
	at org.apache.cocoon.components.treeprocessor.TreeProcessor.process(TreeProcessor.java:254)
	at org.apache.cocoon.Cocoon.process(Cocoon.java:699)
	at org.apache.cocoon.servlet.CocoonServlet.service(CocoonServlet.java:1154)
	at javax.servlet.http.HttpServlet.service(HttpServlet.java:820)
	at org.mortbay.jetty.servlet.ServletHolder.handle(ServletHolder.java:487)
	at org.mortbay.jetty.servlet.ServletHandler.handle(ServletHandler.java:362)
	at org.mortbay.jetty.security.SecurityHandler.handle(SecurityHandler.java:216)
	at org.mortbay.jetty.servlet.SessionHandler.handle(SessionHandler.java:181)
	at org.mortbay.jetty.handler.ContextHandler.handle(ContextHandler.java:726)
	at org.mortbay.jetty.webapp.WebAppContext.handle(WebAppContext.java:405)
	at org.mortbay.jetty.handler.ContextHandlerCollection.handle(ContextHandlerCollection.java:206)
	at org.mortbay.jetty.handler.HandlerCollection.handle(HandlerCollection.java:114)
	at org.mortbay.jetty.handler.HandlerWrapper.handle(HandlerWrapper.java:152)
	at org.mortbay.jetty.Server.handle(Server.java:324)
	at org.mortbay.jetty.HttpConnection.handleRequest(HttpConnection.java:505)
	at org.mortbay.jetty.HttpConnection$RequestHandler.headerComplete(HttpConnection.java:828)
	at org.mortbay.jetty.HttpParser.parseNext(HttpParser.java:514)
	at org.mortbay.jetty.HttpParser.parseAvailable(HttpParser.java:211)
	at org.mortbay.jetty.HttpConnection.handle(HttpConnection.java:380)
	at org.mortbay.io.nio.SelectChannelEndPoint.run(SelectChannelEndPoint.java:395)
	at org.mortbay.thread.BoundedThreadPool$PoolThread.run(BoundedThreadPool.java:450)
ERROR (2012-05-23) 23:57.15:987 [access] (/multipagos/resources/jx.js) btpool0-4/CocoonServlet: Internal Cocoon Problem
javax.xml.transform.TransformerException: javax.xml.transform.TransformerException: Sitemap: error calling function 'display_menu'
	at <map:call> - file:///home/rmarquez/workspace/oficina/webapp/src/main/webapp/sitemap.xmap:234:45
	at org.apache.xalan.xsltc.trax.TransformerImpl.postErrorToListener(TransformerImpl.java:695)
	at org.apache.xalan.xsltc.trax.TransformerImpl.transform(TransformerImpl.java:638)
	at org.apache.xalan.xsltc.trax.TransformerImpl.transform(TransformerImpl.java:303)
	at org.apache.xalan.xsltc.trax.TransformerHandlerImpl.endDocument(TransformerHandlerImpl.java:240)
	at org.apache.cocoon.xml.AbstractXMLPipe.endDocument(AbstractXMLPipe.java:56)
	at org.apache.cocoon.transformation.TraxTransformer.endDocument(TraxTransformer.java:586)
	at org.apache.cocoon.components.notification.Notifier.notify(Notifier.java:158)
	at org.apache.cocoon.sitemap.NotifyingGenerator.generate(NotifyingGenerator.java:65)
	at org.apache.cocoon.components.pipeline.AbstractProcessingPipeline.processXMLPipeline(AbstractProcessingPipeline.java:581)
	at org.apache.cocoon.components.pipeline.AbstractProcessingPipeline.process(AbstractProcessingPipeline.java:483)
	at org.apache.cocoon.components.treeprocessor.sitemap.SerializeNode.invoke(SerializeNode.java:144)
	at org.apache.cocoon.components.treeprocessor.AbstractParentProcessingNode.invokeNodes(AbstractParentProcessingNode.java:69)
	at org.apache.cocoon.components.treeprocessor.sitemap.SwitchSelectNode.invoke(SwitchSelectNode.java:99)
	at org.apache.cocoon.components.treeprocessor.AbstractParentProcessingNode.invokeNodes(AbstractParentProcessingNode.java:69)
	at org.apache.cocoon.components.treeprocessor.sitemap.HandleErrorsNode.invoke(HandleErrorsNode.java:90)
	at org.apache.cocoon.components.treeprocessor.sitemap.ErrorHandlerHelper.prepareErrorHandler(ErrorHandlerHelper.java:182)
	at org.apache.cocoon.components.treeprocessor.sitemap.ErrorHandlerHelper.prepareErrorHandler(ErrorHandlerHelper.java:135)
	at org.apache.cocoon.components.treeprocessor.sitemap.ErrorHandlerHelper.invokeErrorHandler(ErrorHandlerHelper.java:108)
	at org.apache.cocoon.components.treeprocessor.sitemap.PipelineNode.invoke(PipelineNode.java:157)
	at org.apache.cocoon.components.treeprocessor.AbstractParentProcessingNode.invokeNodes(AbstractParentProcessingNode.java:69)
	at org.apache.cocoon.components.treeprocessor.sitemap.PipelinesNode.invoke(PipelinesNode.java:93)
	at org.apache.cocoon.components.treeprocessor.ConcreteTreeProcessor.process(ConcreteTreeProcessor.java:235)
	at org.apache.cocoon.components.treeprocessor.ConcreteTreeProcessor.process(ConcreteTreeProcessor.java:177)
	at org.apache.cocoon.components.treeprocessor.TreeProcessor.process(TreeProcessor.java:254)
	at org.apache.cocoon.Cocoon.process(Cocoon.java:699)
	at org.apache.cocoon.servlet.CocoonServlet.service(CocoonServlet.java:1154)
	at javax.servlet.http.HttpServlet.service(HttpServlet.java:820)
	at org.mortbay.jetty.servlet.ServletHolder.handle(ServletHolder.java:487)
	at org.mortbay.jetty.servlet.ServletHandler.handle(ServletHandler.java:362)
	at org.mortbay.jetty.security.SecurityHandler.handle(SecurityHandler.java:216)
	at org.mortbay.jetty.servlet.SessionHandler.handle(SessionHandler.java:181)
	at org.mortbay.jetty.handler.ContextHandler.handle(ContextHandler.java:726)
	at org.mortbay.jetty.webapp.WebAppContext.handle(WebAppContext.java:405)
	at org.mortbay.jetty.handler.ContextHandlerCollection.handle(ContextHandlerCollection.java:206)
	at org.mortbay.jetty.handler.HandlerCollection.handle(HandlerCollection.java:114)
	at org.mortbay.jetty.handler.HandlerWrapper.handle(HandlerWrapper.java:152)
	at org.mortbay.jetty.Server.handle(Server.java:324)
	at org.mortbay.jetty.HttpConnection.handleRequest(HttpConnection.java:505)
	at org.mortbay.jetty.HttpConnection$RequestHandler.headerComplete(HttpConnection.java:828)
	at org.mortbay.jetty.HttpParser.parseNext(HttpParser.java:514)
	at org.mortbay.jetty.HttpParser.parseAvailable(HttpParser.java:211)
	at org.mortbay.jetty.HttpConnection.handle(HttpConnection.java:380)
	at org.mortbay.io.nio.SelectChannelEndPoint.run(SelectChannelEndPoint.java:395)
	at org.mortbay.thread.BoundedThreadPool$PoolThread.run(BoundedThreadPool.java:450)
WARN  (2012-05-23) 23:57.16:006 [access] (/multipagos/resources/dojo/__package__.js) btpool0-4/CocoonServlet: Error during resolving of the input stream
	at <map:read> - file:///home/rmarquez/workspace/oficina/webapp/src/main/webapp/sitemap.xmap:404:79
INFO  (2012-05-23) 23:57.16:023 [access] (/multipagos/resources/forms/manifest.js) btpool0-4/CocoonServlet: 'resources/forms/manifest.js' Processed by Apache Cocoon 2.1.12-dev in 1 milliseconds.
INFO  (2012-05-23) 23:57.16:042 [access] (/multipagos/resources/forms/js/SimpleForm.js) btpool0-4/CocoonServlet: 'resources/forms/js/SimpleForm.js' Processed by Apache Cocoon 2.1.12-dev in 2 milliseconds.
INFO  (2012-05-23) 23:57.16:065 [access] (/multipagos/resources/forms/js/InfoPopup.js) btpool0-4/CocoonServlet: 'resources/forms/js/InfoPopup.js' Processed by Apache Cocoon 2.1.12-dev in 4 milliseconds.
INFO  (2012-05-23) 23:57.16:081 [access] (/multipagos/resources/forms/js/templates/InfoPopup.css) btpool0-4/CocoonServlet: 'resources/forms/js/templates/InfoPopup.css' Processed by Apache Cocoon 2.1.12-dev in 2 milliseconds.
INFO  (2012-05-23) 23:57.16:088 [access] (/multipagos/resources/forms/js/templates/InfoPopup.html) btpool0-4/CocoonServlet: 'resources/forms/js/templates/InfoPopup.html' Processed by Apache Cocoon 2.1.12-dev in 2 milliseconds.
INFO  (2012-05-23) 23:57.16:106 [access] (/multipagos/resources/dojo/src/namespaces/dojo.js) btpool0-4/CocoonServlet: 'resources/dojo/src/namespaces/dojo.js' Processed by Apache Cocoon 2.1.12-dev in 1 milliseconds.
INFO  (2012-05-23) 23:57.16:109 [access] (/multipagos/resources/forms/js/templates/images/help.gif) btpool0-4/CocoonServlet: 'resources/forms/js/templates/images/help.gif' Processed by Apache Cocoon 2.1.12-dev in 2 milliseconds.
INFO  (2012-05-23) 23:57.16:111 [access] (/multipagos/resources/forms/js/templates/images/close.gif) btpool0-4/CocoonServlet: 'resources/forms/js/templates/images/close.gif' Processed by Apache Cocoon 2.1.12-dev in 1 milliseconds.
INFO  (2012-05-23) 23:57.16:122 [access] (/multipagos/resources/dojo/src/widget/PopupContainer.js) btpool0-4/CocoonServlet: 'resources/dojo/src/widget/PopupContainer.js' Processed by Apache Cocoon 2.1.12-dev in 2 milliseconds.
INFO  (2012-05-23) 23:57.16:134 [access] (/multipagos/resources/dojo/src/html/selection.js) btpool0-4/CocoonServlet: 'resources/dojo/src/html/selection.js' Processed by Apache Cocoon 2.1.12-dev in 2 milliseconds.
INFO  (2012-05-23) 23:57.16:147 [access] (/multipagos/resources/dojo/src/html/iframe.js) btpool0-4/CocoonServlet: 'resources/dojo/src/html/iframe.js' Processed by Apache Cocoon 2.1.12-dev in 2 milliseconds.
INFO  (2012-05-23) 23:57.24:294 [sitemap] (/multipagos/415a5a55442a022b59485b1404101244191f4f27.continue) btpool0-4/ForwardRedirector: Redirecting to 'cocoon:/do-login?resource=/multipagos/bienvenidos&username=admin&passwd=e10adc3949ba59abbe56e057f20f883e'
INFO  (2012-05-23) 23:57.25:118 [sitemap] (/multipagos/415a5a55442a022b59485b1404101244191f4f27.continue) btpool0-4/ForwardRedirector: Redirecting to 'cocoon://usuarios'
INFO  (2012-05-23) 23:57.25:278 [core.authentication-manager] (/multipagos/415a5a55442a022b59485b1404101244191f4f27.continue) btpool0-4/PipelineAuthenticator: Authenticator: User authenticated using handler 'authhandler'
INFO  (2012-05-23) 23:57.25:294 [sitemap] (/multipagos/415a5a55442a022b59485b1404101244191f4f27.continue) btpool0-4/ForwardRedirector: Redirecting to '/multipagos/bienvenidos'
INFO  (2012-05-23) 23:57.25:295 [access] (/multipagos/415a5a55442a022b59485b1404101244191f4f27.continue) btpool0-4/CocoonServlet: '415a5a55442a022b59485b1404101244191f4f27.continue' Processed by Apache Cocoon 2.1.12-dev in 1.027 seconds.
INFO  (2012-05-23) 23:57.25:317 [sitemap] (/multipagos/bienvenidos) btpool0-4/ForwardRedirector: Redirecting to 'cocoon:/bienvenidos-vista'
INFO  (2012-05-23) 23:57.25:317 [sitemap] (/multipagos/bienvenidos) btpool0-4/RedirectToURINode: Redirecting to 'cocoon://datos/search' at <map:redirect-to> - file:///home/rmarquez/workspace/oficina/webapp/src/main/webapp/sitemap.xmap:204:71
INFO  (2012-05-23) 23:57.25:318 [sitemap] (/multipagos/bienvenidos) btpool0-4/ForwardRedirector: Redirecting to 'cocoon://datos/search'
INFO  (2012-05-23) 23:57.28:448 [sitemap] (/multipagos/bienvenidos) btpool0-4/ForwardRedirector: Redirecting to 'cocoon:/forms/search/results.jx'
INFO  (2012-05-23) 23:57.28:669 [sitemap] (/multipagos/bienvenidos) btpool0-4/ForwardRedirector: Redirecting to 'cocoon:/menu-vista'
INFO  (2012-05-23) 23:57.28:879 [access] (/multipagos/bienvenidos) btpool0-4/CocoonServlet: 'bienvenidos' Processed by Apache Cocoon 2.1.12-dev in 3.579 seconds.
WARN  (2012-05-23) 23:57.28:972 [access] (/multipagos/images/banner_parte2.jpg) btpool0-4/CocoonServlet: Error during resolving of the input stream
	at <map:read> - file:///home/rmarquez/workspace/oficina/webapp/src/main/webapp/sitemap.xmap:421:65
INFO  (2012-05-23) 23:57.29:047 [access] (/multipagos/resources/dojo/src/widget/Menu2.js) btpool0-4/CocoonServlet: 'resources/dojo/src/widget/Menu2.js' Processed by Apache Cocoon 2.1.12-dev in 2 milliseconds.
INFO  (2012-05-23) 23:57.29:091 [access] (/multipagos/resources/dojo/src/widget/templates/Menu2.css) btpool0-4/CocoonServlet: 'resources/dojo/src/widget/templates/Menu2.css' Processed by Apache Cocoon 2.1.12-dev in 2 milliseconds.
INFO  (2012-05-23) 23:57.34:753 [access] (/multipagos/resources/dojo/src/widget/templates/images/submenu_off.gif) btpool0-4/CocoonServlet: 'resources/dojo/src/widget/templates/images/submenu_off.gif' Processed by Apache Cocoon 2.1.12-dev in 2 milliseconds.
INFO  (2012-05-23) 23:57.35:076 [access] (/multipagos/resources/dojo/src/widget/templates/images/submenu_on.gif) btpool0-4/CocoonServlet: 'resources/dojo/src/widget/templates/images/submenu_on.gif' Processed by Apache Cocoon 2.1.12-dev in 1 milliseconds.
INFO  (2012-05-23) 23:57.38:036 [sitemap] (/multipagos/informes/visitasdiarias) btpool0-4/ForwardRedirector: Redirecting to 'cocoon:/visitasdiarias'
INFO  (2012-05-23) 23:57.38:158 [sitemap] (/multipagos/informes/visitasdiarias) btpool0-4/ForwardRedirector: Redirecting to 'cocoon:/visitasdiarias-form-display'
INFO  (2012-05-23) 23:57.38:416 [sitemap] (/multipagos/informes/visitasdiarias) btpool0-4/ForwardRedirector: Redirecting to 'cocoon:/menu-vista'
INFO  (2012-05-23) 23:57.38:573 [access] (/multipagos/informes/resources/forms/js/forms-lib.js) btpool0-6/CocoonServlet: 'informes/resources/forms/js/forms-lib.js' Processed by Apache Cocoon 2.1.12-dev in 2 milliseconds.
INFO  (2012-05-23) 23:57.38:590 [access] (/multipagos/informes/resources/forms/mattkruse-lib/selectbox.js) btpool0-6/CocoonServlet: 'informes/resources/forms/mattkruse-lib/selectbox.js' Processed by Apache Cocoon 2.1.12-dev in 16 milliseconds.
INFO  (2012-05-23) 23:57.38:591 [access] (/multipagos/informes/resources/forms/htmlarea/htmlarea.js) btpool0-6/CocoonServlet: 'informes/resources/forms/htmlarea/htmlarea.js' Processed by Apache Cocoon 2.1.12-dev in 1 milliseconds.
INFO  (2012-05-23) 23:57.38:592 [access] (/multipagos/informes/resources/dojo/dojo.js) btpool0-3/CocoonServlet: 'informes/resources/dojo/dojo.js' Processed by Apache Cocoon 2.1.12-dev in 29 milliseconds.
INFO  (2012-05-23) 23:57.38:593 [access] (/multipagos/informes/resources/forms/css/forms.css) btpool0-3/CocoonServlet: 'informes/resources/forms/css/forms.css' Processed by Apache Cocoon 2.1.12-dev in 1 milliseconds.
INFO  (2012-05-23) 23:57.38:599 [access] (/multipagos/informes/resources/forms/mattkruse-lib/OptionTransfer.js) btpool0-1/CocoonServlet: 'informes/resources/forms/mattkruse-lib/OptionTransfer.js' Processed by Apache Cocoon 2.1.12-dev in 3 milliseconds.
INFO  (2012-05-23) 23:57.38:604 [access] (/multipagos/informes/resources/forms/mattkruse-lib/AnchorPosition.js) btpool0-5/CocoonServlet: 'informes/resources/forms/mattkruse-lib/AnchorPosition.js' Processed by Apache Cocoon 2.1.12-dev in 7 milliseconds.
INFO  (2012-05-23) 23:57.38:617 [access] (/multipagos/informes/resources/forms/mattkruse-lib/PopupWindow.js) btpool0-7/CocoonServlet: 'informes/resources/forms/mattkruse-lib/PopupWindow.js' Processed by Apache Cocoon 2.1.12-dev in 11 milliseconds.
INFO  (2012-05-23) 23:57.38:630 [access] (/multipagos/informes/visitasdiarias) btpool0-4/CocoonServlet: 'informes/visitasdiarias' Processed by Apache Cocoon 2.1.12-dev in 732 milliseconds.
INFO  (2012-05-23) 23:57.38:640 [access] (/multipagos/informes/resources/forms/js/common.js) btpool0-4/CocoonServlet: 'informes/resources/forms/js/common.js' Processed by Apache Cocoon 2.1.12-dev in 2 milliseconds.
WARN  (2012-05-23) 23:57.38:742 [access] (/multipagos/images/banner_parte2.jpg) btpool0-4/CocoonServlet: Error during resolving of the input stream
	at <map:read> - file:///home/rmarquez/workspace/oficina/webapp/src/main/webapp/sitemap.xmap:421:65
INFO  (2012-05-23) 23:57.38:815 [access] (/multipagos/informes/resources/dojo/src/namespaces/dojo.js) btpool0-4/CocoonServlet: 'informes/resources/dojo/src/namespaces/dojo.js' Processed by Apache Cocoon 2.1.12-dev in 2 milliseconds.
INFO  (2012-05-23) 23:57.38:828 [access] (/multipagos/informes/resources/dojo/src/widget/templates/images/tab_close.gif) btpool0-4/CocoonServlet: 'informes/resources/dojo/src/widget/templates/images/tab_close.gif' Processed by Apache Cocoon 2.1.12-dev in 1 milliseconds.
INFO  (2012-05-23) 23:57.38:836 [access] (/multipagos/informes/resources/dojo/src/widget/Menu2.js) btpool0-4/CocoonServlet: 'informes/resources/dojo/src/widget/Menu2.js' Processed by Apache Cocoon 2.1.12-dev in 3 milliseconds.
INFO  (2012-05-23) 23:57.38:890 [access] (/multipagos/informes/resources/dojo/src/widget/PopupContainer.js) btpool0-4/CocoonServlet: 'informes/resources/dojo/src/widget/PopupContainer.js' Processed by Apache Cocoon 2.1.12-dev in 2 milliseconds.
INFO  (2012-05-23) 23:57.38:904 [access] (/multipagos/informes/resources/dojo/src/html/selection.js) btpool0-4/CocoonServlet: 'informes/resources/dojo/src/html/selection.js' Processed by Apache Cocoon 2.1.12-dev in 6 milliseconds.
INFO  (2012-05-23) 23:57.38:909 [access] (/multipagos/informes/resources/dojo/src/html/iframe.js) btpool0-4/CocoonServlet: 'informes/resources/dojo/src/html/iframe.js' Processed by Apache Cocoon 2.1.12-dev in 1 milliseconds.
INFO  (2012-05-23) 23:57.38:941 [access] (/multipagos/informes/resources/dojo/src/widget/templates/Menu2.css) btpool0-4/CocoonServlet: 'informes/resources/dojo/src/widget/templates/Menu2.css' Processed by Apache Cocoon 2.1.12-dev in 2 milliseconds.
INFO  (2012-05-23) 23:57.39:135 [access] (/multipagos/informes/resources/forms/manifest.js) btpool0-4/CocoonServlet: 'informes/resources/forms/manifest.js' Processed by Apache Cocoon 2.1.12-dev in 1 milliseconds.
INFO  (2012-05-23) 23:57.39:159 [access] (/multipagos/informes/resources/forms/js/AjaxForm.js) btpool0-4/CocoonServlet: 'informes/resources/forms/js/AjaxForm.js' Processed by Apache Cocoon 2.1.12-dev in 2 milliseconds.
INFO  (2012-05-23) 23:57.39:166 [access] (/multipagos/informes/resources/forms/js/SimpleForm.js) btpool0-4/CocoonServlet: 'informes/resources/forms/js/SimpleForm.js' Processed by Apache Cocoon 2.1.12-dev in 2 milliseconds.
INFO  (2012-05-23) 23:57.39:172 [access] (/multipagos/informes/resources/ajax/js/BUHandler.js) btpool0-4/CocoonServlet: 'informes/resources/ajax/js/BUHandler.js' Processed by Apache Cocoon 2.1.12-dev in 2 milliseconds.
INFO  (2012-05-23) 23:57.39:180 [access] (/multipagos/informes/resources/ajax/js/common.js) btpool0-4/CocoonServlet: 'informes/resources/ajax/js/common.js' Processed by Apache Cocoon 2.1.12-dev in 2 milliseconds.
INFO  (2012-05-23) 23:57.39:186 [access] (/multipagos/informes/resources/ajax/js/insertion.js) btpool0-4/CocoonServlet: 'informes/resources/ajax/js/insertion.js' Processed by Apache Cocoon 2.1.12-dev in 1 milliseconds.
INFO  (2012-05-23) 23:57.39:199 [access] (/multipagos/informes/resources/forms/js/DropdownDateTimePicker.js) btpool0-4/CocoonServlet: 'informes/resources/forms/js/DropdownDateTimePicker.js' Processed by Apache Cocoon 2.1.12-dev in 3 milliseconds.
INFO  (2012-05-23) 23:57.39:207 [access] (/multipagos/informes/resources/dojo/src/date/format.js) btpool0-4/CocoonServlet: 'informes/resources/dojo/src/date/format.js' Processed by Apache Cocoon 2.1.12-dev in 2 milliseconds.
INFO  (2012-05-23) 23:57.39:215 [access] (/multipagos/informes/resources/dojo/src/date/common.js) btpool0-4/CocoonServlet: 'informes/resources/dojo/src/date/common.js' Processed by Apache Cocoon 2.1.12-dev in 2 milliseconds.
INFO  (2012-05-23) 23:57.39:223 [access] (/multipagos/informes/resources/dojo/src/date/supplemental.js) btpool0-4/CocoonServlet: 'informes/resources/dojo/src/date/supplemental.js' Processed by Apache Cocoon 2.1.12-dev in 2 milliseconds.
INFO  (2012-05-23) 23:57.39:230 [access] (/multipagos/informes/resources/dojo/src/i18n/common.js) btpool0-4/CocoonServlet: 'informes/resources/dojo/src/i18n/common.js' Processed by Apache Cocoon 2.1.12-dev in 2 milliseconds.
INFO  (2012-05-23) 23:57.39:236 [access] (/multipagos/informes/resources/dojo/src/i18n/calendar/nls/en/gregorian.js) btpool0-4/CocoonServlet: 'informes/resources/dojo/src/i18n/calendar/nls/en/gregorian.js' Processed by Apache Cocoon 2.1.12-dev in 2 milliseconds.
INFO  (2012-05-23) 23:57.39:242 [access] (/multipagos/informes/resources/dojo/src/i18n/calendar/nls/gregorianExtras.js) btpool0-4/CocoonServlet: 'informes/resources/dojo/src/i18n/calendar/nls/gregorianExtras.js' Processed by Apache Cocoon 2.1.12-dev in 2 milliseconds.
INFO  (2012-05-23) 23:57.39:248 [access] (/multipagos/informes/resources/dojo/src/string/__package__.js) btpool0-4/CocoonServlet: 'informes/resources/dojo/src/string/__package__.js' Processed by Apache Cocoon 2.1.12-dev in 2 milliseconds.
INFO  (2012-05-23) 23:57.39:257 [access] (/multipagos/informes/resources/dojo/src/string/Builder.js) btpool0-4/CocoonServlet: 'informes/resources/dojo/src/string/Builder.js' Processed by Apache Cocoon 2.1.12-dev in 3 milliseconds.
INFO  (2012-05-23) 23:57.39:270 [access] (/multipagos/informes/resources/dojo/src/widget/DatePicker.js) btpool0-4/CocoonServlet: 'informes/resources/dojo/src/widget/DatePicker.js' Processed by Apache Cocoon 2.1.12-dev in 3 milliseconds.
INFO  (2012-05-23) 23:57.39:277 [access] (/multipagos/informes/resources/dojo/src/date/serialize.js) btpool0-4/CocoonServlet: 'informes/resources/dojo/src/date/serialize.js' Processed by Apache Cocoon 2.1.12-dev in 1 milliseconds.
INFO  (2012-05-23) 23:57.39:286 [access] (/multipagos/informes/resources/dojo/src/widget/templates/DatePicker.css) btpool0-4/CocoonServlet: 'informes/resources/dojo/src/widget/templates/DatePicker.css' Processed by Apache Cocoon 2.1.12-dev in 1 milliseconds.
INFO  (2012-05-23) 23:57.39:295 [access] (/multipagos/informes/resources/dojo/src/widget/templates/DatePicker.html) btpool0-4/CocoonServlet: 'informes/resources/dojo/src/widget/templates/DatePicker.html' Processed by Apache Cocoon 2.1.12-dev in 1 milliseconds.
INFO  (2012-05-23) 23:57.39:320 [access] (/multipagos/informes/resources/forms/js/InfoPopup.js) btpool0-4/CocoonServlet: 'informes/resources/forms/js/InfoPopup.js' Processed by Apache Cocoon 2.1.12-dev in 2 milliseconds.
INFO  (2012-05-23) 23:57.39:340 [access] (/multipagos/informes/resources/forms/js/templates/InfoPopup.css) btpool0-4/CocoonServlet: 'informes/resources/forms/js/templates/InfoPopup.css' Processed by Apache Cocoon 2.1.12-dev in 2 milliseconds.
INFO  (2012-05-23) 23:57.39:348 [access] (/multipagos/informes/resources/forms/js/templates/InfoPopup.html) btpool0-4/CocoonServlet: 'informes/resources/forms/js/templates/InfoPopup.html' Processed by Apache Cocoon 2.1.12-dev in 3 milliseconds.
WARN  (2012-05-23) 23:57.43:218 [sitemap] (Unknown-URI) Unknown-Thread/ExcaliburComponentManager: disposing of handler for unreleased component. role [org.apache.cocoon.selection.SelectorSelector]
INFO  (2012-05-23) 23:57.43:220 [core.store] (Unknown-URI) Unknown-Thread/EHDefaultStore: EHCache cache "cocoon-ehcache-1" already disposed.
INFO  (2012-05-23) 23:57.43:220 [cron] (Unknown-URI) Unknown-Thread/QuartzJobScheduler: shutting down scheduler graceful (waiting for running jobs to complete)
WARN  (2012-05-23) 23:57.43:223 [core.manager] (Unknown-URI) Unknown-Thread/ExcaliburComponentManager: disposing of handler for unreleased component. role [org.apache.cocoon.forms.CacheManager]
WARN  (2012-05-23) 23:57.43:223 [core.manager] (Unknown-URI) Unknown-Thread/ExcaliburComponentManager: disposing of handler for unreleased component. role [org.apache.cocoon.webapps.session.ContextManager]
WARN  (2012-05-23) 23:57.43:223 [core.manager] (Unknown-URI) Unknown-Thread/ExcaliburComponentManager: disposing of handler for unreleased component. role [org.apache.avalon.excalibur.logger.LoggerManager]
WARN  (2012-05-23) 23:57.43:223 [core.manager] (Unknown-URI) Unknown-Thread/ExcaliburComponentManager: disposing of handler for unreleased component. role [org.apache.cocoon.components.thread.RunnableManager]
WARN  (2012-05-23) 23:57.43:224 [core.manager] (Unknown-URI) Unknown-Thread/ExcaliburComponentManager: disposing of handler for unreleased component. role [org.apache.cocoon.components.modules.input.InputModuleSelector]
WARN  (2012-05-23) 23:57.43:225 [core.manager] (Unknown-URI) Unknown-Thread/ExcaliburComponentManager: disposing of handler for unreleased component. role [org.apache.excalibur.xml.xpath.XPathProcessor]
WARN  (2012-05-23) 23:57.43:225 [core.manager] (Unknown-URI) Unknown-Thread/ExcaliburComponentManager: disposing of handler for unreleased component. role [org.apache.cocoon.components.flow.ContinuationsManager]
WARN  (2012-05-23) 23:57.43:225 [core.manager] (Unknown-URI) Unknown-Thread/ExcaliburComponentManager: disposing of handler for unreleased component. role [org.apache.cocoon.webapps.session.context.SessionContextProviderSelector]
WARN  (2012-05-23) 23:57.43:226 [core.manager] (Unknown-URI) Unknown-Thread/ExcaliburComponentManager: disposing of handler for unreleased component. role [org.apache.cocoon.forms.event.WidgetListenerBuilderSelector]
