WARN  (2013-04-21) 22:26.52:752 [deprecation] (Unknown-URI) Unknown-Thread/Deprecation.LoggerWrapper: The session-fw block is deprecated. Please use the provided alternatives instead.
WARN  (2013-04-21) 22:28.13:248 [deprecation] (/multipagos/gestionibw/create) btpool0-1/Deprecation.LoggerWrapper: The authentication-fw block is deprecated. Please use the auth block instead.
WARN  (2013-04-21) 22:28.13:252 [deprecation] (/multipagos/gestionibw/create) btpool0-1/Deprecation.LoggerWrapper: The authentication-fw block is deprecated. Please use the auth block instead.
WARN  (2013-04-21) 22:28.13:252 [deprecation] (/multipagos/gestionibw/create) btpool0-1/Deprecation.LoggerWrapper: The authentication-fw block is deprecated. Please use the auth block instead.
WARN  (2013-04-21) 22:28.13:910 [deprecation] (/multipagos/entrada?resource=%2Fmultipagos%2Fgestionibw%2Fcreate) btpool0-1/Deprecation.LoggerWrapper: The authentication-fw block is deprecated. Please use the auth block instead.
WARN  (2013-04-21) 22:28.13:911 [deprecation] (/multipagos/entrada?resource=%2Fmultipagos%2Fgestionibw%2Fcreate) btpool0-1/Deprecation.LoggerWrapper: The authentication-fw block is deprecated. Please use the auth block instead.
WARN  (2013-04-21) 22:28.20:770 [deprecation] (/multipagos/resources/jx.js) btpool0-1/Deprecation.LoggerWrapper: The authentication-fw block is deprecated. Please use the auth block instead.
WARN  (2013-04-21) 22:28.20:771 [deprecation] (/multipagos/resources/jx.js) btpool0-1/Deprecation.LoggerWrapper: The authentication-fw block is deprecated. Please use the auth block instead.
WARN  (2013-04-21) 22:28.32:708 [deprecation] (/multipagos/4a521e173b732d1a298989172a3d37661a767255.continue) btpool0-1/Deprecation.LoggerWrapper: The authentication-fw block is deprecated. Please use the auth block instead.
WARN  (2013-04-21) 22:28.32:709 [deprecation] (/multipagos/4a521e173b732d1a298989172a3d37661a767255.continue) btpool0-1/Deprecation.LoggerWrapper: The authentication-fw block is deprecated. Please use the auth block instead.
WARN  (2013-04-21) 22:28.32:727 [deprecation] (/multipagos/4a521e173b732d1a298989172a3d37661a767255.continue) btpool0-1/Deprecation.LoggerWrapper: The authentication-fw block is deprecated. Please use the auth block instead.
WARN  (2013-04-21) 22:28.32:727 [deprecation] (/multipagos/4a521e173b732d1a298989172a3d37661a767255.continue) btpool0-1/Deprecation.LoggerWrapper: The authentication-fw block is deprecated. Please use the auth block instead.
WARN  (2013-04-21) 22:28.39:202 [deprecation] (/multipagos/gestionibw/create) btpool0-1/Deprecation.LoggerWrapper: The authentication-fw block is deprecated. Please use the auth block instead.
WARN  (2013-04-21) 22:28.39:202 [deprecation] (/multipagos/gestionibw/create) btpool0-1/Deprecation.LoggerWrapper: The authentication-fw block is deprecated. Please use the auth block instead.
WARN  (2013-04-21) 22:28.39:202 [deprecation] (/multipagos/gestionibw/create) btpool0-1/Deprecation.LoggerWrapper: The authentication-fw block is deprecated. Please use the auth block instead.
WARN  (2013-04-21) 22:28.39:549 [deprecation] (/multipagos/gestionibw/create) btpool0-1/Deprecation.LoggerWrapper: The authentication-fw block is deprecated. Please use the auth block instead.
WARN  (2013-04-21) 22:28.39:551 [deprecation] (/multipagos/gestionibw/create) btpool0-1/Deprecation.LoggerWrapper: The authentication-fw block is deprecated. Please use the auth block instead.
WARN  (2013-04-21) 22:28.39:551 [deprecation] (/multipagos/gestionibw/create) btpool0-1/Deprecation.LoggerWrapper: The authentication-fw block is deprecated. Please use the auth block instead.
WARN  (2013-04-21) 22:28.39:935 [deprecation] (/multipagos/gestionibw/create) btpool0-1/Deprecation.LoggerWrapper: The authentication-fw block is deprecated. Please use the auth block instead.
WARN  (2013-04-21) 22:28.39:935 [deprecation] (/multipagos/gestionibw/create) btpool0-1/Deprecation.LoggerWrapper: The authentication-fw block is deprecated. Please use the auth block instead.
WARN  (2013-04-21) 22:28.39:936 [deprecation] (/multipagos/gestionibw/create) btpool0-1/Deprecation.LoggerWrapper: The authentication-fw block is deprecated. Please use the auth block instead.
WARN  (2013-04-21) 22:28.40:334 [deprecation] (/multipagos/gestionibw/create) btpool0-1/Deprecation.LoggerWrapper: The authentication-fw block is deprecated. Please use the auth block instead.
WARN  (2013-04-21) 22:28.40:334 [deprecation] (/multipagos/gestionibw/create) btpool0-1/Deprecation.LoggerWrapper: The authentication-fw block is deprecated. Please use the auth block instead.
WARN  (2013-04-21) 22:28.40:335 [deprecation] (/multipagos/gestionibw/create) btpool0-1/Deprecation.LoggerWrapper: The authentication-fw block is deprecated. Please use the auth block instead.
WARN  (2013-04-21) 22:28.40:739 [deprecation] (/multipagos/gestionibw/create) btpool0-1/Deprecation.LoggerWrapper: The authentication-fw block is deprecated. Please use the auth block instead.
WARN  (2013-04-21) 22:28.40:742 [deprecation] (/multipagos/gestionibw/create) btpool0-1/Deprecation.LoggerWrapper: The authentication-fw block is deprecated. Please use the auth block instead.
WARN  (2013-04-21) 22:28.45:519 [deprecation] (/multipagos/gestionibw/resources/fi.js) btpool0-2/Deprecation.LoggerWrapper: The authentication-fw block is deprecated. Please use the auth block instead.
WARN  (2013-04-21) 22:28.45:520 [deprecation] (/multipagos/gestionibw/resources/fi.js) btpool0-2/Deprecation.LoggerWrapper: The authentication-fw block is deprecated. Please use the auth block instead.
